# JRE version: OpenJDK Runtime Environment (8.0_152-b01) (build 1.8.0_152-release-915-b01)
# Java VM: OpenJDK 64-Bit Server VM (25.152-b01 mixed mode windows-amd64 compressed oops)
Heap:
 PSYoungGen      total 122880K, used 31824K [0x00000000eab00000, 0x00000000f5400000, 0x0000000100000000)
  eden space 109568K, 17% used [0x00000000eab00000,0x00000000ebdd63e8,0x00000000f1600000)
  from space 13312K, 94% used [0x00000000f1600000,0x00000000f223de18,0x00000000f2300000)
  to   space 14848K, 0% used [0x00000000f4580000,0x00000000f4580000,0x00000000f5400000)
 ParOldGen       total 84992K, used 16489K [0x00000000c0000000, 0x00000000c5300000, 0x00000000eab00000)
  object space 84992K, 19% used [0x00000000c0000000,0x00000000c101a788,0x00000000c5300000)
 Metaspace       used 45812K, capacity 46996K, committed 47104K, reserved 1089536K
  class space    used 6189K, capacity 6592K, committed 6656K, reserved 1048576K
GC Heap History (10 events):
Event: 3.481 GC heap before
{Heap before GC invocations=5 (full 1):
 PSYoungGen      total 57344K, used 49152K [0x00000000eab00000, 0x00000000f1b00000, 0x0000000100000000)
  eden space 49152K, 100% used [0x00000000eab00000,0x00000000edb00000,0x00000000edb00000)
  from space 8192K, 0% used [0x00000000edb00000,0x00000000edb00000,0x00000000ee300000)
  to   space 8192K, 0% used [0x00000000f1300000,0x00000000f1300000,0x00000000f1b00000)
 ParOldGen       total 84992K, used 9309K [0x00000000c0000000, 0x00000000c5300000, 0x00000000eab00000)
  object space 84992K, 10% used [0x00000000c0000000,0x00000000c0917690,0x00000000c5300000)
 Metaspace       used 24452K, capacity 24940K, committed 25088K, reserved 1071104K
  class space    used 3382K, capacity 3537K, committed 3584K, reserved 1048576K
Event: 3.485 GC heap after
Heap after GC invocations=5 (full 1):
 PSYoungGen      total 79360K, used 5016K [0x00000000eab00000, 0x00000000f1800000, 0x0000000100000000)
  eden space 74240K, 0% used [0x00000000eab00000,0x00000000eab00000,0x00000000ef380000)
  from space 5120K, 97% used [0x00000000f1300000,0x00000000f17e62d0,0x00000000f1800000)
  to   space 8192K, 0% used [0x00000000f0800000,0x00000000f0800000,0x00000000f1000000)
 ParOldGen       total 84992K, used 9317K [0x00000000c0000000, 0x00000000c5300000, 0x00000000eab00000)
  object space 84992K, 10% used [0x00000000c0000000,0x00000000c0919690,0x00000000c5300000)
 Metaspace       used 24452K, capacity 24940K, committed 25088K, reserved 1071104K
  class space    used 3382K, capacity 3537K, committed 3584K, reserved 1048576K
}
Event: 4.302 GC heap before
{Heap before GC invocations=6 (full 1):
 PSYoungGen      total 79360K, used 79256K [0x00000000eab00000, 0x00000000f1800000, 0x0000000100000000)
  eden space 74240K, 100% used [0x00000000eab00000,0x00000000ef380000,0x00000000ef380000)
  from space 5120K, 97% used [0x00000000f1300000,0x00000000f17e62d0,0x00000000f1800000)
  to   space 8192K, 0% used [0x00000000f0800000,0x00000000f0800000,0x00000000f1000000)
 ParOldGen       total 84992K, used 9317K [0x00000000c0000000, 0x00000000c5300000, 0x00000000eab00000)
  object space 84992K, 10% used [0x00000000c0000000,0x00000000c0919690,0x00000000c5300000)
 Metaspace       used 30960K, capacity 31702K, committed 32000K, reserved 1077248K
  class space    used 4288K, capacity 4552K, committed 4608K, reserved 1048576K
Event: 4.308 GC heap after
Heap after GC invocations=6 (full 1):
 PSYoungGen      total 103424K, used 8191K [0x00000000eab00000, 0x00000000f2f80000, 0x0000000100000000)
  eden space 95232K, 0% used [0x00000000eab00000,0x00000000eab00000,0x00000000f0800000)
  from space 8192K, 99% used [0x00000000f0800000,0x00000000f0ffffd8,0x00000000f1000000)
  to   space 12800K, 0% used [0x00000000f2300000,0x00000000f2300000,0x00000000f2f80000)
 ParOldGen       total 84992K, used 11485K [0x00000000c0000000, 0x00000000c5300000, 0x00000000eab00000)
  object space 84992K, 13% used [0x00000000c0000000,0x00000000c0b37548,0x00000000c5300000)
 Metaspace       used 30960K, capacity 31702K, committed 32000K, reserved 1077248K
  class space    used 4288K, capacity 4552K, committed 4608K, reserved 1048576K
}
Event: 5.148 GC heap before
{Heap before GC invocations=7 (full 1):
 PSYoungGen      total 103424K, used 85062K [0x00000000eab00000, 0x00000000f2f80000, 0x0000000100000000)
  eden space 95232K, 80% used [0x00000000eab00000,0x00000000ef611830,0x00000000f0800000)
  from space 8192K, 99% used [0x00000000f0800000,0x00000000f0ffffd8,0x00000000f1000000)
  to   space 12800K, 0% used [0x00000000f2300000,0x00000000f2300000,0x00000000f2f80000)
 ParOldGen       total 84992K, used 11485K [0x00000000c0000000, 0x00000000c5300000, 0x00000000eab00000)
  object space 84992K, 13% used [0x00000000c0000000,0x00000000c0b37548,0x00000000c5300000)
 Metaspace       used 34432K, capacity 35316K, committed 35416K, reserved 1079296K
  class space    used 4698K, capacity 5038K, committed 5120K, reserved 1048576K
Event: 5.156 GC heap after
Heap after GC invocations=7 (full 1):
 PSYoungGen      total 122368K, used 10221K [0x00000000eab00000, 0x00000000f4e80000, 0x0000000100000000)
  eden space 109568K, 0% used [0x00000000eab00000,0x00000000eab00000,0x00000000f1600000)
  from space 12800K, 79% used [0x00000000f2300000,0x00000000f2cfb798,0x00000000f2f80000)
  to   space 13312K, 0% used [0x00000000f1600000,0x00000000f1600000,0x00000000f2300000)
 ParOldGen       total 84992K, used 11493K [0x00000000c0000000, 0x00000000c5300000, 0x00000000eab00000)
  object space 84992K, 13% used [0x00000000c0000000,0x00000000c0b39548,0x00000000c5300000)
 Metaspace       used 34432K, capacity 35316K, committed 35416K, reserved 1079296K
  class space    used 4698K, capacity 5038K, committed 5120K, reserved 1048576K
}
Event: 5.156 GC heap before
{Heap before GC invocations=8 (full 2):
 PSYoungGen      total 122368K, used 10221K [0x00000000eab00000, 0x00000000f4e80000, 0x0000000100000000)
  eden space 109568K, 0% used [0x00000000eab00000,0x00000000eab00000,0x00000000f1600000)
  from space 12800K, 79% used [0x00000000f2300000,0x00000000f2cfb798,0x00000000f2f80000)
  to   space 13312K, 0% used [0x00000000f1600000,0x00000000f1600000,0x00000000f2300000)
 ParOldGen       total 84992K, used 11493K [0x00000000c0000000, 0x00000000c5300000, 0x00000000eab00000)
  object space 84992K, 13% used [0x00000000c0000000,0x00000000c0b39548,0x00000000c5300000)
 Metaspace       used 34432K, capacity 35316K, committed 35416K, reserved 1079296K
  class space    used 4698K, capacity 5038K, committed 5120K, reserved 1048576K
Event: 5.225 GC heap after
Heap after GC invocations=8 (full 2):
 PSYoungGen      total 122368K, used 0K [0x00000000eab00000, 0x00000000f4e80000, 0x0000000100000000)
  eden space 109568K, 0% used [0x00000000eab00000,0x00000000eab00000,0x00000000f1600000)
  from space 12800K, 0% used [0x00000000f2300000,0x00000000f2300000,0x00000000f2f80000)
  to   space 13312K, 0% used [0x00000000f1600000,0x00000000f1600000,0x00000000f2300000)
 ParOldGen       total 84992K, used 16481K [0x00000000c0000000, 0x00000000c5300000, 0x00000000eab00000)
  object space 84992K, 19% used [0x00000000c0000000,0x00000000c1018788,0x00000000c5300000)
 Metaspace       used 34432K, capacity 35316K, committed 35416K, reserved 1079296K
  class space    used 4698K, capacity 5038K, committed 5120K, reserved 1048576K
}
Event: 6.176 GC heap before
{Heap before GC invocations=9 (full 2):
 PSYoungGen      total 122368K, used 109568K [0x00000000eab00000, 0x00000000f4e80000, 0x0000000100000000)
  eden space 109568K, 100% used [0x00000000eab00000,0x00000000f1600000,0x00000000f1600000)
  from space 12800K, 0% used [0x00000000f2300000,0x00000000f2300000,0x00000000f2f80000)
  to   space 13312K, 0% used [0x00000000f1600000,0x00000000f1600000,0x00000000f2300000)
 ParOldGen       total 84992K, used 16481K [0x00000000c0000000, 0x00000000c5300000, 0x00000000eab00000)
  object space 84992K, 19% used [0x00000000c0000000,0x00000000c1018788,0x00000000c5300000)
 Metaspace       used 41940K, capacity 43044K, committed 43264K, reserved 1087488K
  class space    used 5631K, capacity 6022K, committed 6144K, reserved 1048576K
Event: 6.185 GC heap after
Heap after GC invocations=9 (full 2):
 PSYoungGen      total 122880K, used 12535K [0x00000000eab00000, 0x00000000f5400000, 0x0000000100000000)
  eden space 109568K, 0% used [0x00000000eab00000,0x00000000eab00000,0x00000000f1600000)
  from space 13312K, 94% used [0x00000000f1600000,0x00000000f223de18,0x00000000f2300000)
  to   space 14848K, 0% used [0x00000000f4580000,0x00000000f4580000,0x00000000f5400000)
 ParOldGen       total 84992K, used 16489K [0x00000000c0000000, 0x00000000c5300000, 0x00000000eab00000)
  object space 84992K, 19% used [0x00000000c0000000,0x00000000c101a788,0x00000000c5300000)
 Metaspace       used 41940K, capacity 43044K, committed 43264K, reserved 1087488K
  class space    used 5631K, capacity 6022K, committed 6144K, reserved 1048576K
}

