# JRE version: OpenJDK Runtime Environment (8.0_152-b01) (build 1.8.0_152-release-1343-b01)
# Java VM: OpenJDK 64-Bit Server VM (25.152-b01 mixed mode windows-amd64 compressed oops)
Heap:
 PSYoungGen      total 152064K, used 11463K [0x00000000f5580000, 0x00000000ffd80000, 0x0000000100000000)
  eden space 133120K, 1% used [0x00000000f5580000,0x00000000f5818db8,0x00000000fd780000)
  from space 18944K, 46% used [0x00000000feb00000,0x00000000ff3999c8,0x00000000ffd80000)
  to   space 19456K, 0% used [0x00000000fd780000,0x00000000fd780000,0x00000000fea80000)
 ParOldGen       total 278016K, used 83760K [0x00000000e0000000, 0x00000000f0f80000, 0x00000000f5580000)
  object space 278016K, 30% used [0x00000000e0000000,0x00000000e51cc018,0x00000000f0f80000)
 Metaspace       used 100510K, capacity 104000K, committed 104512K, reserved 1140736K
  class space    used 12346K, capacity 13021K, committed 13184K, reserved 1048576K
GC Heap History (10 events):
Event: 718.438 GC heap before
{Heap before GC invocations=79 (full 4):
 PSYoungGen      total 152064K, used 143875K [0x00000000f5580000, 0x0000000100000000, 0x0000000100000000)
  eden space 130560K, 100% used [0x00000000f5580000,0x00000000fd500000,0x00000000fd500000)
  from space 21504K, 61% used [0x00000000feb00000,0x00000000ff800c58,0x0000000100000000)
  to   space 22016K, 0% used [0x00000000fd500000,0x00000000fd500000,0x00000000fea80000)
 ParOldGen       total 278016K, used 83464K [0x00000000e0000000, 0x00000000f0f80000, 0x00000000f5580000)
  object space 278016K, 30% used [0x00000000e0000000,0x00000000e5182018,0x00000000f0f80000)
 Metaspace       used 100439K, capacity 103926K, committed 104512K, reserved 1140736K
  class space    used 12344K, capacity 13020K, committed 13184K, reserved 1048576K
Event: 718.446 GC heap after
Heap after GC invocations=79 (full 4):
 PSYoungGen      total 152576K, used 13377K [0x00000000f5580000, 0x0000000100000000, 0x0000000100000000)
  eden space 130560K, 0% used [0x00000000f5580000,0x00000000f5580000,0x00000000fd500000)
  from space 22016K, 60% used [0x00000000fd500000,0x00000000fe210740,0x00000000fea80000)
  to   space 22016K, 0% used [0x00000000fea80000,0x00000000fea80000,0x0000000100000000)
 ParOldGen       total 278016K, used 83504K [0x00000000e0000000, 0x00000000f0f80000, 0x00000000f5580000)
  object space 278016K, 30% used [0x00000000e0000000,0x00000000e518c018,0x00000000f0f80000)
 Metaspace       used 100439K, capacity 103926K, committed 104512K, reserved 1140736K
  class space    used 12344K, capacity 13020K, committed 13184K, reserved 1048576K
}
Event: 718.862 GC heap before
{Heap before GC invocations=80 (full 4):
 PSYoungGen      total 152576K, used 143937K [0x00000000f5580000, 0x0000000100000000, 0x0000000100000000)
  eden space 130560K, 100% used [0x00000000f5580000,0x00000000fd500000,0x00000000fd500000)
  from space 22016K, 60% used [0x00000000fd500000,0x00000000fe210740,0x00000000fea80000)
  to   space 22016K, 0% used [0x00000000fea80000,0x00000000fea80000,0x0000000100000000)
 ParOldGen       total 278016K, used 83504K [0x00000000e0000000, 0x00000000f0f80000, 0x00000000f5580000)
  object space 278016K, 30% used [0x00000000e0000000,0x00000000e518c018,0x00000000f0f80000)
 Metaspace       used 100469K, capacity 103932K, committed 104512K, reserved 1140736K
  class space    used 12345K, capacity 13021K, committed 13184K, reserved 1048576K
Event: 718.866 GC heap after
Heap after GC invocations=80 (full 4):
 PSYoungGen      total 151552K, used 5313K [0x00000000f5580000, 0x00000000fff00000, 0x0000000100000000)
  eden space 130560K, 0% used [0x00000000f5580000,0x00000000f5580000,0x00000000fd500000)
  from space 20992K, 25% used [0x00000000fea80000,0x00000000fefb0458,0x00000000fff00000)
  to   space 21504K, 0% used [0x00000000fd500000,0x00000000fd500000,0x00000000fea00000)
 ParOldGen       total 278016K, used 83616K [0x00000000e0000000, 0x00000000f0f80000, 0x00000000f5580000)
  object space 278016K, 30% used [0x00000000e0000000,0x00000000e51a8018,0x00000000f0f80000)
 Metaspace       used 100469K, capacity 103932K, committed 104512K, reserved 1140736K
  class space    used 12345K, capacity 13021K, committed 13184K, reserved 1048576K
}
Event: 719.162 GC heap before
{Heap before GC invocations=81 (full 4):
 PSYoungGen      total 151552K, used 135873K [0x00000000f5580000, 0x00000000fff00000, 0x0000000100000000)
  eden space 130560K, 100% used [0x00000000f5580000,0x00000000fd500000,0x00000000fd500000)
  from space 20992K, 25% used [0x00000000fea80000,0x00000000fefb0458,0x00000000fff00000)
  to   space 21504K, 0% used [0x00000000fd500000,0x00000000fd500000,0x00000000fea00000)
 ParOldGen       total 278016K, used 83616K [0x00000000e0000000, 0x00000000f0f80000, 0x00000000f5580000)
  object space 278016K, 30% used [0x00000000e0000000,0x00000000e51a8018,0x00000000f0f80000)
 Metaspace       used 100473K, capacity 103932K, committed 104512K, reserved 1140736K
  class space    used 12345K, capacity 13021K, committed 13184K, reserved 1048576K
Event: 719.167 GC heap after
Heap after GC invocations=81 (full 4):
 PSYoungGen      total 152064K, used 5667K [0x00000000f5580000, 0x00000000fff80000, 0x0000000100000000)
  eden space 130560K, 0% used [0x00000000f5580000,0x00000000f5580000,0x00000000fd500000)
  from space 21504K, 26% used [0x00000000fd500000,0x00000000fda88ee0,0x00000000fea00000)
  to   space 20992K, 0% used [0x00000000feb00000,0x00000000feb00000,0x00000000fff80000)
 ParOldGen       total 278016K, used 83688K [0x00000000e0000000, 0x00000000f0f80000, 0x00000000f5580000)
  object space 278016K, 30% used [0x00000000e0000000,0x00000000e51ba018,0x00000000f0f80000)
 Metaspace       used 100473K, capacity 103932K, committed 104512K, reserved 1140736K
  class space    used 12345K, capacity 13021K, committed 13184K, reserved 1048576K
}
Event: 719.422 GC heap before
{Heap before GC invocations=82 (full 4):
 PSYoungGen      total 152064K, used 136227K [0x00000000f5580000, 0x00000000fff80000, 0x0000000100000000)
  eden space 130560K, 100% used [0x00000000f5580000,0x00000000fd500000,0x00000000fd500000)
  from space 21504K, 26% used [0x00000000fd500000,0x00000000fda88ee0,0x00000000fea00000)
  to   space 20992K, 0% used [0x00000000feb00000,0x00000000feb00000,0x00000000fff80000)
 ParOldGen       total 278016K, used 83688K [0x00000000e0000000, 0x00000000f0f80000, 0x00000000f5580000)
  object space 278016K, 30% used [0x00000000e0000000,0x00000000e51ba018,0x00000000f0f80000)
 Metaspace       used 100482K, capacity 103932K, committed 104512K, reserved 1140736K
  class space    used 12346K, capacity 13021K, committed 13184K, reserved 1048576K
Event: 719.427 GC heap after
Heap after GC invocations=82 (full 4):
 PSYoungGen      total 153088K, used 5099K [0x00000000f5580000, 0x00000000fff80000, 0x0000000100000000)
  eden space 132096K, 0% used [0x00000000f5580000,0x00000000f5580000,0x00000000fd680000)
  from space 20992K, 24% used [0x00000000feb00000,0x00000000feffad28,0x00000000fff80000)
  to   space 20992K, 0% used [0x00000000fd680000,0x00000000fd680000,0x00000000feb00000)
 ParOldGen       total 278016K, used 83704K [0x00000000e0000000, 0x00000000f0f80000, 0x00000000f5580000)
  object space 278016K, 30% used [0x00000000e0000000,0x00000000e51be018,0x00000000f0f80000)
 Metaspace       used 100482K, capacity 103932K, committed 104512K, reserved 1140736K
  class space    used 12346K, capacity 13021K, committed 13184K, reserved 1048576K
}
Event: 719.747 GC heap before
{Heap before GC invocations=83 (full 4):
 PSYoungGen      total 153088K, used 137195K [0x00000000f5580000, 0x00000000fff80000, 0x0000000100000000)
  eden space 132096K, 100% used [0x00000000f5580000,0x00000000fd680000,0x00000000fd680000)
  from space 20992K, 24% used [0x00000000feb00000,0x00000000feffad28,0x00000000fff80000)
  to   space 20992K, 0% used [0x00000000fd680000,0x00000000fd680000,0x00000000feb00000)
 ParOldGen       total 278016K, used 83704K [0x00000000e0000000, 0x00000000f0f80000, 0x00000000f5580000)
  object space 278016K, 30% used [0x00000000e0000000,0x00000000e51be018,0x00000000f0f80000)
 Metaspace       used 100495K, capacity 103996K, committed 104512K, reserved 1140736K
  class space    used 12346K, capacity 13021K, committed 13184K, reserved 1048576K
Event: 719.751 GC heap after
Heap after GC invocations=83 (full 4):
 PSYoungGen      total 153088K, used 2336K [0x00000000f5580000, 0x00000000fff00000, 0x0000000100000000)
  eden space 132096K, 0% used [0x00000000f5580000,0x00000000f5580000,0x00000000fd680000)
  from space 20992K, 11% used [0x00000000fd680000,0x00000000fd8c8000,0x00000000feb00000)
  to   space 20480K, 0% used [0x00000000feb00000,0x00000000feb00000,0x00000000fff00000)
 ParOldGen       total 278016K, used 83712K [0x00000000e0000000, 0x00000000f0f80000, 0x00000000f5580000)
  object space 278016K, 30% used [0x00000000e0000000,0x00000000e51c0018,0x00000000f0f80000)
 Metaspace       used 100495K, capacity 103996K, committed 104512K, reserved 1140736K
  class space    used 12346K, capacity 13021K, committed 13184K, reserved 1048576K
}

