# JRE version: OpenJDK Runtime Environment (8.0_152-b01) (build 1.8.0_152-release-1343-b01)
# Java VM: OpenJDK 64-Bit Server VM (25.152-b01 mixed mode windows-amd64 compressed oops)
Heap:
 PSYoungGen      total 158208K, used 61643K [0x00000000f5580000, 0x00000000ffe80000, 0x0000000100000000)
  eden space 143360K, 40% used [0x00000000f5580000,0x00000000f8e52d78,0x00000000fe180000)
  from space 14848K, 23% used [0x00000000ff000000,0x00000000ff360000,0x00000000ffe80000)
  to   space 14848K, 0% used [0x00000000fe180000,0x00000000fe180000,0x00000000ff000000)
 ParOldGen       total 214528K, used 178072K [0x00000000e0000000, 0x00000000ed180000, 0x00000000f5580000)
  object space 214528K, 83% used [0x00000000e0000000,0x00000000eade60b0,0x00000000ed180000)
 Metaspace       used 84582K, capacity 89052K, committed 89240K, reserved 1126400K
  class space    used 11069K, capacity 11910K, committed 11936K, reserved 1048576K
GC Heap History (10 events):
Event: 24.525 GC heap before
{Heap before GC invocations=53 (full 3):
 PSYoungGen      total 155648K, used 140320K [0x00000000f5580000, 0x00000000fff80000, 0x0000000100000000)
  eden space 137216K, 100% used [0x00000000f5580000,0x00000000fdb80000,0x00000000fdb80000)
  from space 18432K, 16% used [0x00000000fdb80000,0x00000000fde88010,0x00000000fed80000)
  to   space 17920K, 0% used [0x00000000fee00000,0x00000000fee00000,0x00000000fff80000)
 ParOldGen       total 214528K, used 165610K [0x00000000e0000000, 0x00000000ed180000, 0x00000000f5580000)
  object space 214528K, 77% used [0x00000000e0000000,0x00000000ea1ba910,0x00000000ed180000)
 Metaspace       used 84563K, capacity 88988K, committed 89240K, reserved 1126400K
  class space    used 11069K, capacity 11910K, committed 11936K, reserved 1048576K
Event: 24.531 GC heap after
Heap after GC invocations=53 (full 3):
 PSYoungGen      total 155136K, used 4972K [0x00000000f5580000, 0x00000000ffe80000, 0x0000000100000000)
  eden space 138240K, 0% used [0x00000000f5580000,0x00000000f5580000,0x00000000fdc80000)
  from space 16896K, 29% used [0x00000000fee00000,0x00000000ff2db0e8,0x00000000ffe80000)
  to   space 17408K, 0% used [0x00000000fdc80000,0x00000000fdc80000,0x00000000fed80000)
 ParOldGen       total 214528K, used 166520K [0x00000000e0000000, 0x00000000ed180000, 0x00000000f5580000)
  object space 214528K, 77% used [0x00000000e0000000,0x00000000ea29e230,0x00000000ed180000)
 Metaspace       used 84563K, capacity 88988K, committed 89240K, reserved 1126400K
  class space    used 11069K, capacity 11910K, committed 11936K, reserved 1048576K
}
Event: 24.651 GC heap before
{Heap before GC invocations=54 (full 3):
 PSYoungGen      total 155136K, used 143212K [0x00000000f5580000, 0x00000000ffe80000, 0x0000000100000000)
  eden space 138240K, 100% used [0x00000000f5580000,0x00000000fdc80000,0x00000000fdc80000)
  from space 16896K, 29% used [0x00000000fee00000,0x00000000ff2db0e8,0x00000000ffe80000)
  to   space 17408K, 0% used [0x00000000fdc80000,0x00000000fdc80000,0x00000000fed80000)
 ParOldGen       total 214528K, used 166520K [0x00000000e0000000, 0x00000000ed180000, 0x00000000f5580000)
  object space 214528K, 77% used [0x00000000e0000000,0x00000000ea29e230,0x00000000ed180000)
 Metaspace       used 84571K, capacity 88988K, committed 89240K, reserved 1126400K
  class space    used 11069K, capacity 11910K, committed 11936K, reserved 1048576K
Event: 24.660 GC heap after
Heap after GC invocations=54 (full 3):
 PSYoungGen      total 155648K, used 5503K [0x00000000f5580000, 0x00000000ffe80000, 0x0000000100000000)
  eden space 138240K, 0% used [0x00000000f5580000,0x00000000f5580000,0x00000000fdc80000)
  from space 17408K, 31% used [0x00000000fdc80000,0x00000000fe1dfcf8,0x00000000fed80000)
  to   space 16384K, 0% used [0x00000000fee80000,0x00000000fee80000,0x00000000ffe80000)
 ParOldGen       total 214528K, used 169499K [0x00000000e0000000, 0x00000000ed180000, 0x00000000f5580000)
  object space 214528K, 79% used [0x00000000e0000000,0x00000000ea586c98,0x00000000ed180000)
 Metaspace       used 84571K, capacity 88988K, committed 89240K, reserved 1126400K
  class space    used 11069K, capacity 11910K, committed 11936K, reserved 1048576K
}
Event: 24.785 GC heap before
{Heap before GC invocations=55 (full 3):
 PSYoungGen      total 155648K, used 143743K [0x00000000f5580000, 0x00000000ffe80000, 0x0000000100000000)
  eden space 138240K, 100% used [0x00000000f5580000,0x00000000fdc80000,0x00000000fdc80000)
  from space 17408K, 31% used [0x00000000fdc80000,0x00000000fe1dfcf8,0x00000000fed80000)
  to   space 16384K, 0% used [0x00000000fee80000,0x00000000fee80000,0x00000000ffe80000)
 ParOldGen       total 214528K, used 169499K [0x00000000e0000000, 0x00000000ed180000, 0x00000000f5580000)
  object space 214528K, 79% used [0x00000000e0000000,0x00000000ea586c98,0x00000000ed180000)
 Metaspace       used 84577K, capacity 88988K, committed 89240K, reserved 1126400K
  class space    used 11069K, capacity 11910K, committed 11936K, reserved 1048576K
Event: 24.800 GC heap after
Heap after GC invocations=55 (full 3):
 PSYoungGen      total 156672K, used 4811K [0x00000000f5580000, 0x00000000ffe00000, 0x0000000100000000)
  eden space 140800K, 0% used [0x00000000f5580000,0x00000000f5580000,0x00000000fdf00000)
  from space 15872K, 30% used [0x00000000fee80000,0x00000000ff332d90,0x00000000ffe00000)
  to   space 15872K, 0% used [0x00000000fdf00000,0x00000000fdf00000,0x00000000fee80000)
 ParOldGen       total 214528K, used 173187K [0x00000000e0000000, 0x00000000ed180000, 0x00000000f5580000)
  object space 214528K, 80% used [0x00000000e0000000,0x00000000ea920c78,0x00000000ed180000)
 Metaspace       used 84577K, capacity 88988K, committed 89240K, reserved 1126400K
  class space    used 11069K, capacity 11910K, committed 11936K, reserved 1048576K
}
Event: 24.944 GC heap before
{Heap before GC invocations=56 (full 3):
 PSYoungGen      total 156672K, used 145611K [0x00000000f5580000, 0x00000000ffe00000, 0x0000000100000000)
  eden space 140800K, 100% used [0x00000000f5580000,0x00000000fdf00000,0x00000000fdf00000)
  from space 15872K, 30% used [0x00000000fee80000,0x00000000ff332d90,0x00000000ffe00000)
  to   space 15872K, 0% used [0x00000000fdf00000,0x00000000fdf00000,0x00000000fee80000)
 ParOldGen       total 214528K, used 173187K [0x00000000e0000000, 0x00000000ed180000, 0x00000000f5580000)
  object space 214528K, 80% used [0x00000000e0000000,0x00000000ea920c78,0x00000000ed180000)
 Metaspace       used 84580K, capacity 89052K, committed 89240K, reserved 1126400K
  class space    used 11069K, capacity 11910K, committed 11936K, reserved 1048576K
Event: 24.950 GC heap after
Heap after GC invocations=56 (full 3):
 PSYoungGen      total 156672K, used 2945K [0x00000000f5580000, 0x00000000fff00000, 0x0000000100000000)
  eden space 140800K, 0% used [0x00000000f5580000,0x00000000f5580000,0x00000000fdf00000)
  from space 15872K, 18% used [0x00000000fdf00000,0x00000000fe1e0678,0x00000000fee80000)
  to   space 15360K, 0% used [0x00000000ff000000,0x00000000ff000000,0x00000000fff00000)
 ParOldGen       total 214528K, used 175937K [0x00000000e0000000, 0x00000000ed180000, 0x00000000f5580000)
  object space 214528K, 82% used [0x00000000e0000000,0x00000000eabd0480,0x00000000ed180000)
 Metaspace       used 84580K, capacity 89052K, committed 89240K, reserved 1126400K
  class space    used 11069K, capacity 11910K, committed 11936K, reserved 1048576K
}
Event: 25.063 GC heap before
{Heap before GC invocations=57 (full 3):
 PSYoungGen      total 156672K, used 143745K [0x00000000f5580000, 0x00000000fff00000, 0x0000000100000000)
  eden space 140800K, 100% used [0x00000000f5580000,0x00000000fdf00000,0x00000000fdf00000)
  from space 15872K, 18% used [0x00000000fdf00000,0x00000000fe1e0678,0x00000000fee80000)
  to   space 15360K, 0% used [0x00000000ff000000,0x00000000ff000000,0x00000000fff00000)
 ParOldGen       total 214528K, used 175937K [0x00000000e0000000, 0x00000000ed180000, 0x00000000f5580000)
  object space 214528K, 82% used [0x00000000e0000000,0x00000000eabd0480,0x00000000ed180000)
 Metaspace       used 84581K, capacity 89052K, committed 89240K, reserved 1126400K
  class space    used 11069K, capacity 11910K, committed 11936K, reserved 1048576K
Event: 25.070 GC heap after
Heap after GC invocations=57 (full 3):
 PSYoungGen      total 158208K, used 3456K [0x00000000f5580000, 0x00000000ffe80000, 0x0000000100000000)
  eden space 143360K, 0% used [0x00000000f5580000,0x00000000f5580000,0x00000000fe180000)
  from space 14848K, 23% used [0x00000000ff000000,0x00000000ff360000,0x00000000ffe80000)
  to   space 14848K, 0% used [0x00000000fe180000,0x00000000fe180000,0x00000000ff000000)
 ParOldGen       total 214528K, used 178072K [0x00000000e0000000, 0x00000000ed180000, 0x00000000f5580000)
  object space 214528K, 83% used [0x00000000e0000000,0x00000000eade60b0,0x00000000ed180000)
 Metaspace       used 84581K, capacity 89052K, committed 89240K, reserved 1126400K
  class space    used 11069K, capacity 11910K, committed 11936K, reserved 1048576K
}

